<?xml version="1.0" encoding="UTF-8"?>
<!-- Generated by org.testng.reporters.JUnitXMLReporter -->
<testsuite ignored="0" hostname="DESKTOP-9EUEAEG" failures="0" tests="8" name="Default test" time="7.777" errors="0" timestamp="2024-08-26T11:02:54 IST">
  <testcase classname="TestNGAnnotation.apachePoi" name="openUrl" time="7.026"/>
  <testcase classname="TestNGAnnotation.apachePoi" name="firstName" time="0.163"/>
  <testcase classname="TestNGAnnotation.apachePoi" name="email" time="0.142"/>
  <testcase classname="TestNGAnnotation.apachePoi" name="gender" time="0.053"/>
  <testcase classname="TestNGAnnotation.apachePoi" name="phone" time="0.092"/>
  <testcase classname="TestNGAnnotation.apachePoi" name="dob" time="0.09"/>
  <testcase classname="TestNGAnnotation.apachePoi" name="subjects" time="0.092"/>
  <testcase classname="TestNGAnnotation.apachePoi" name="hobby" time="0.071"/>
</testsuite> <!-- Default test -->
