<?xml version="1.0" encoding="UTF-8"?>
<testng-results ignored="0" total="8" passed="8" failed="0" skipped="0">
  <reporter-output>
  </reporter-output>
  <suite started-at="2024-08-26T11:02:46 IST" name="Default suite" finished-at="2024-08-26T11:02:54 IST" duration-ms="7777">
    <groups>
    </groups>
    <test started-at="2024-08-26T11:02:46 IST" name="Default test" finished-at="2024-08-26T11:02:54 IST" duration-ms="7777">
      <class name="TestNGAnnotation.apachePoi">
        <test-method is-config="true" signature="driver()[pri:0, instance:TestNGAnnotation.apachePoi@740cae06]" started-at="2024-08-26T11:02:42 IST" name="driver" finished-at="2024-08-26T11:02:46 IST" duration-ms="3835" status="PASS">
          <reporter-output>
          </reporter-output>
        </test-method> <!-- driver -->
        <test-method signature="openUrl()[pri:1, instance:TestNGAnnotation.apachePoi@740cae06]" started-at="2024-08-26T11:02:46 IST" name="openUrl" finished-at="2024-08-26T11:02:53 IST" duration-ms="7026" status="PASS">
          <reporter-output>
          </reporter-output>
        </test-method> <!-- openUrl -->
        <test-method signature="firstName()[pri:2, instance:TestNGAnnotation.apachePoi@740cae06]" started-at="2024-08-26T11:02:53 IST" name="firstName" finished-at="2024-08-26T11:02:53 IST" duration-ms="163" status="PASS">
          <reporter-output>
          </reporter-output>
        </test-method> <!-- firstName -->
        <test-method signature="email()[pri:3, instance:TestNGAnnotation.apachePoi@740cae06]" started-at="2024-08-26T11:02:53 IST" name="email" finished-at="2024-08-26T11:02:53 IST" duration-ms="142" status="PASS">
          <reporter-output>
          </reporter-output>
        </test-method> <!-- email -->
        <test-method signature="gender()[pri:4, instance:TestNGAnnotation.apachePoi@740cae06]" started-at="2024-08-26T11:02:53 IST" name="gender" finished-at="2024-08-26T11:02:53 IST" duration-ms="53" status="PASS">
          <reporter-output>
          </reporter-output>
        </test-method> <!-- gender -->
        <test-method signature="phone()[pri:5, instance:TestNGAnnotation.apachePoi@740cae06]" started-at="2024-08-26T11:02:53 IST" name="phone" finished-at="2024-08-26T11:02:53 IST" duration-ms="92" status="PASS">
          <reporter-output>
          </reporter-output>
        </test-method> <!-- phone -->
        <test-method signature="dob()[pri:6, instance:TestNGAnnotation.apachePoi@740cae06]" started-at="2024-08-26T11:02:53 IST" name="dob" finished-at="2024-08-26T11:02:54 IST" duration-ms="90" status="PASS">
          <reporter-output>
          </reporter-output>
        </test-method> <!-- dob -->
        <test-method signature="subjects()[pri:7, instance:TestNGAnnotation.apachePoi@740cae06]" started-at="2024-08-26T11:02:54 IST" name="subjects" finished-at="2024-08-26T11:02:54 IST" duration-ms="92" status="PASS">
          <reporter-output>
          </reporter-output>
        </test-method> <!-- subjects -->
        <test-method signature="hobby()[pri:8, instance:TestNGAnnotation.apachePoi@740cae06]" started-at="2024-08-26T11:02:54 IST" name="hobby" finished-at="2024-08-26T11:02:54 IST" duration-ms="71" status="PASS">
          <reporter-output>
          </reporter-output>
        </test-method> <!-- hobby -->
      </class> <!-- TestNGAnnotation.apachePoi -->
    </test> <!-- Default test -->
  </suite> <!-- Default suite -->
</testng-results>
